Using pre-set license
Built from '2021.1/staging' branch; Version is '2021.1.22f1 (a137e5fb0427) revision 10565605'; Using compiler version '192528614'; Build Type 'Release'
OS: 'Windows 10 Pro; OS build 19041.1415; Version 2004; 64bit' Language: 'en' Physical Memory: 16315 MB
BatchMode: 1, IsHumanControllingUs: 0, StartBugReporterOnCrash: 0, Is64bit: 1, IsPro: 0

COMMAND LINE ARGUMENTS:
D:\Unity Editors\2021.1.22f1\Editor\Unity.exe
-adb2
-batchMode
-noUpm
-name
AssetImportWorker0
-projectPath
D:/Unity Projects/NFT Generator
-logFile
Logs/AssetImportWorker0.log
-srvPort
63026
Successfully changed project path to: D:/Unity Projects/NFT Generator
D:/Unity Projects/NFT Generator
Using Asset Import Pipeline V2.
Refreshing native plugins compatible for Editor in 68.38 ms, found 3 plugins.
Preloading 0 native plugins for Editor in 0.00 ms.
Initialize engine version: 2021.1.22f1 (a137e5fb0427)
[Subsystems] Discovering subsystems at path D:/Unity Editors/2021.1.22f1/Editor/Data/Resources/UnitySubsystems
[Subsystems] Discovering subsystems at path D:/Unity Projects/NFT Generator/Assets
GfxDevice: creating device client; threaded=0; jobified=0
Direct3D:
    Version:  Direct3D 11.0 [level 11.1]
    Renderer: NVIDIA GeForce GTX 1660 SUPER (ID=0x21c4)
    Vendor:   NVIDIA
    VRAM:     5992 MB
    Driver:   30.0.15.1123
Initialize mono
Mono path[0] = 'D:/Unity Editors/2021.1.22f1/Editor/Data/Managed'
Mono path[1] = 'D:/Unity Editors/2021.1.22f1/Editor/Data/MonoBleedingEdge/lib/mono/unityjit'
Mono config path = 'D:/Unity Editors/2021.1.22f1/Editor/Data/MonoBleedingEdge/etc'
Using monoOptions --debugger-agent=transport=dt_socket,embedding=1,server=y,suspend=n,address=127.0.0.1:56556
Begin MonoManager ReloadAssembly
Registering precompiled unity dll's ...
Register platform support module: D:/Unity Editors/2021.1.22f1/Editor/Data/PlaybackEngines/WindowsStandaloneSupport/UnityEditor.WindowsStandalone.Extensions.dll
Registered in 0.000856 seconds.
Native extension for WindowsStandalone target not found
Refreshing native plugins compatible for Editor in 72.51 ms, found 3 plugins.
Preloading 0 native plugins for Editor in 0.00 ms.
Mono: successfully reloaded assembly
- Completed reload, in  1.182 seconds
Domain Reload Profiling:
	ReloadAssembly (1183ms)
		BeginReloadAssembly (53ms)
			ExecutionOrderSort (0ms)
			DisableScriptedObjects (0ms)
			BackupInstance (0ms)
			ReleaseScriptingObjects (0ms)
			CreateAndSetChildDomain (1ms)
		EndReloadAssembly (422ms)
			LoadAssemblies (52ms)
			RebuildTransferFunctionScriptingTraits (0ms)
			SetupTypeCache (156ms)
			ReleaseScriptCaches (0ms)
			RebuildScriptCaches (27ms)
			SetupLoadedEditorAssemblies (201ms)
				LogAssemblyErrors (0ms)
				InitializePlatformSupportModulesInManaged (5ms)
				SetLoadedEditorAssemblies (0ms)
				RefreshPlugins (73ms)
				BeforeProcessingInitializeOnLoad (1ms)
				ProcessInitializeOnLoadAttributes (93ms)
				ProcessInitializeOnLoadMethodAttributes (29ms)
				AfterProcessingInitializeOnLoad (0ms)
				EditorAssembliesLoaded (0ms)
			ExecutionOrderSort2 (0ms)
			AwakeInstancesAfterBackupRestoration (0ms)
Platform modules already initialized, skipping
Registering precompiled user dll's ...
Registered in 0.002527 seconds.
Begin MonoManager ReloadAssembly
Symbol file LoadedFromMemory doesn't match image D:\Unity Projects\NFT Generator\Library\PackageCache\com.unity.visualscripting@1.6.1\Editor\VisualScripting.Core\Dependencies\YamlDotNet\Unity.VisualScripting.YamlDotNet.dll
Symbol file LoadedFromMemory doesn't match image D:\Unity Projects\NFT Generator\Library\PackageCache\com.unity.visualscripting@1.6.1\Editor\VisualScripting.Core\Dependencies\DotNetZip\Unity.VisualScripting.IonicZip.dll
Native extension for WindowsStandalone target not found
Refreshing native plugins compatible for Editor in 0.54 ms, found 3 plugins.
Preloading 0 native plugins for Editor in 0.00 ms.
Mono: successfully reloaded assembly
- Completed reload, in  1.109 seconds
Domain Reload Profiling:
	ReloadAssembly (1110ms)
		BeginReloadAssembly (137ms)
			ExecutionOrderSort (0ms)
			DisableScriptedObjects (4ms)
			BackupInstance (0ms)
			ReleaseScriptingObjects (0ms)
			CreateAndSetChildDomain (19ms)
		EndReloadAssembly (923ms)
			LoadAssemblies (194ms)
			RebuildTransferFunctionScriptingTraits (0ms)
			SetupTypeCache (307ms)
			ReleaseScriptCaches (1ms)
			RebuildScriptCaches (43ms)
			SetupLoadedEditorAssemblies (282ms)
				LogAssemblyErrors (0ms)
				InitializePlatformSupportModulesInManaged (4ms)
				SetLoadedEditorAssemblies (0ms)
				RefreshPlugins (1ms)
				BeforeProcessingInitializeOnLoad (58ms)
				ProcessInitializeOnLoadAttributes (211ms)
				ProcessInitializeOnLoadMethodAttributes (5ms)
				AfterProcessingInitializeOnLoad (2ms)
				EditorAssembliesLoaded (0ms)
			ExecutionOrderSort2 (0ms)
			AwakeInstancesAfterBackupRestoration (7ms)
Platform modules already initialized, skipping
========================================================================
Worker process is ready to serve import requests
Launched and connected shader compiler UnityShaderCompiler.exe after 0.17 seconds
Refreshing native plugins compatible for Editor in 0.56 ms, found 3 plugins.
Preloading 0 native plugins for Editor in 0.00 ms.
Unloading 2949 Unused Serialized files (Serialized files now loaded: 0)
System memory in use before: 105.7 MB.
System memory in use after: 105.9 MB.

Unloading 20 unused Assets to reduce memory usage. Loaded Objects now: 3396.
Total: 2.908600 ms (FindLiveObjects: 0.231200 ms CreateObjectMapping: 0.117700 ms MarkObjects: 2.500800 ms  DeleteObjects: 0.058000 ms)

AssetImportParameters requested are different than current active one (requested -> active):
  custom:framework-win-MediaFoundation: 216162199b28c13a410421893ffa2e32 -> 
  custom:video-decoder-ogg-theora: a1e56fd34408186e4bbccfd4996cb3dc -> 
  custom:container-muxer-webm: aa71ff27fc2769a1b78a27578f13a17b -> 
  custom:container-demuxer-webm: 4f35f7cbe854078d1ac9338744f61a02 -> 
  custom:container-demuxer-ogg: 62fdf1f143b41e24485cea50d1cbac27 -> 
  custom:video-encoder-webm-vp8: eb34c28f22e8b96e1ab97ce403110664 -> 
  custom:video-decoder-webm-vp8: 9c59270c3fd7afecdb556c50c9e8de78 -> 
  custom:audio-decoder-ogg-vorbis: bf7c407c2cedff20999df2af8eb42d56 -> 
  custom:audio-encoder-webm-vorbis: bf7c407c2cedff20999df2af8eb42d56 -> 
========================================================================
Received Import Request.
  path: Assets
  artifactKey: Guid(00000000000000001000000000000000) Importer(815301076,1909f56bfc062723c751e8b465ee728b)
Start importing Assets using Guid(00000000000000001000000000000000) Importer(815301076,1909f56bfc062723c751e8b465ee728b)  -> (artifact id: '42d402b061de3733987d63b9cc3b64de') in 0.008980 seconds 
========================================================================
Received Import Request.
  Time since last request: 502.975467 seconds.
  path: Assets/Generator.cs
  artifactKey: Guid(e9cbeb32dc5bf114790b476576d470b7) Importer(815301076,1909f56bfc062723c751e8b465ee728b)
Start importing Assets/Generator.cs using Guid(e9cbeb32dc5bf114790b476576d470b7) Importer(815301076,1909f56bfc062723c751e8b465ee728b)  -> (artifact id: 'f085d3315464c455f6778d9215e7c608') in 0.036990 seconds 
========================================================================
Received Prepare
Registering precompiled user dll's ...
Registered in 0.002505 seconds.
Begin MonoManager ReloadAssembly
Symbol file LoadedFromMemory doesn't match image D:\Unity Projects\NFT Generator\Library\PackageCache\com.unity.visualscripting@1.6.1\Editor\VisualScripting.Core\Dependencies\YamlDotNet\Unity.VisualScripting.YamlDotNet.dll
Symbol file LoadedFromMemory doesn't match image D:\Unity Projects\NFT Generator\Library\PackageCache\com.unity.visualscripting@1.6.1\Editor\VisualScripting.Core\Dependencies\DotNetZip\Unity.VisualScripting.IonicZip.dll
Native extension for WindowsStandalone target not found
Refreshing native plugins compatible for Editor in 0.56 ms, found 3 plugins.
Preloading 0 native plugins for Editor in 0.00 ms.
Mono: successfully reloaded assembly
- Completed reload, in  0.932 seconds
Domain Reload Profiling:
	ReloadAssembly (932ms)
		BeginReloadAssembly (117ms)
			ExecutionOrderSort (0ms)
			DisableScriptedObjects (4ms)
			BackupInstance (0ms)
			ReleaseScriptingObjects (0ms)
			CreateAndSetChildDomain (35ms)
		EndReloadAssembly (766ms)
			LoadAssemblies (76ms)
			RebuildTransferFunctionScriptingTraits (0ms)
			SetupTypeCache (317ms)
			ReleaseScriptCaches (1ms)
			RebuildScriptCaches (37ms)
			SetupLoadedEditorAssemblies (249ms)
				LogAssemblyErrors (0ms)
				InitializePlatformSupportModulesInManaged (4ms)
				SetLoadedEditorAssemblies (0ms)
				RefreshPlugins (1ms)
				BeforeProcessingInitializeOnLoad (42ms)
				ProcessInitializeOnLoadAttributes (195ms)
				ProcessInitializeOnLoadMethodAttributes (4ms)
				AfterProcessingInitializeOnLoad (2ms)
				EditorAssembliesLoaded (0ms)
			ExecutionOrderSort2 (0ms)
			AwakeInstancesAfterBackupRestoration (7ms)
Platform modules already initialized, skipping
Refreshing native plugins compatible for Editor in 0.53 ms, found 3 plugins.
Preloading 0 native plugins for Editor in 0.00 ms.
Unloading 2944 Unused Serialized files (Serialized files now loaded: 0)
System memory in use before: 105.7 MB.
System memory in use after: 105.9 MB.

Unloading 15 unused Assets to reduce memory usage. Loaded Objects now: 3399.
Total: 3.140700 ms (FindLiveObjects: 0.255500 ms CreateObjectMapping: 0.145900 ms MarkObjects: 2.716000 ms  DeleteObjects: 0.022500 ms)

AssetImportParameters requested are different than current active one (requested -> active):
  custom:framework-win-MediaFoundation: 216162199b28c13a410421893ffa2e32 -> 
  custom:video-decoder-ogg-theora: a1e56fd34408186e4bbccfd4996cb3dc -> 
  custom:container-muxer-webm: aa71ff27fc2769a1b78a27578f13a17b -> 
  custom:container-demuxer-webm: 4f35f7cbe854078d1ac9338744f61a02 -> 
  custom:container-demuxer-ogg: 62fdf1f143b41e24485cea50d1cbac27 -> 
  custom:video-encoder-webm-vp8: eb34c28f22e8b96e1ab97ce403110664 -> 
  custom:video-decoder-webm-vp8: 9c59270c3fd7afecdb556c50c9e8de78 -> 
  custom:audio-decoder-ogg-vorbis: bf7c407c2cedff20999df2af8eb42d56 -> 
  custom:audio-encoder-webm-vorbis: bf7c407c2cedff20999df2af8eb42d56 -> 
========================================================================
Received Import Request.
  Time since last request: 45.895832 seconds.
  path: Assets/Generator.cs
  artifactKey: Guid(e9cbeb32dc5bf114790b476576d470b7) Importer(815301076,1909f56bfc062723c751e8b465ee728b)
Start importing Assets/Generator.cs using Guid(e9cbeb32dc5bf114790b476576d470b7) Importer(815301076,1909f56bfc062723c751e8b465ee728b)  -> (artifact id: '04a57144c0322889186a7663b015349f') in 0.006959 seconds 
========================================================================
Received Import Request.
  Time since last request: 1.046512 seconds.
  path: Assets/Generator.cs
  artifactKey: Guid(e9cbeb32dc5bf114790b476576d470b7) Importer(815301076,1909f56bfc062723c751e8b465ee728b)
Start importing Assets/Generator.cs using Guid(e9cbeb32dc5bf114790b476576d470b7) Importer(815301076,1909f56bfc062723c751e8b465ee728b)  -> (artifact id: '520a25acd3dd1f3dc1f20dcbf4dbc998') in 0.002129 seconds 
========================================================================
Received Import Request.
  Time since last request: 36.732915 seconds.
  path: Assets/Generator.cs
  artifactKey: Guid(e9cbeb32dc5bf114790b476576d470b7) Importer(815301076,1909f56bfc062723c751e8b465ee728b)
Start importing Assets/Generator.cs using Guid(e9cbeb32dc5bf114790b476576d470b7) Importer(815301076,1909f56bfc062723c751e8b465ee728b)  -> (artifact id: '34cb3f7654eb4c351745aed60f9a9221') in 0.002398 seconds 
========================================================================
Received Import Request.
  Time since last request: 13.352625 seconds.
  path: Assets/Generator.cs
  artifactKey: Guid(e9cbeb32dc5bf114790b476576d470b7) Importer(815301076,1909f56bfc062723c751e8b465ee728b)
Start importing Assets/Generator.cs using Guid(e9cbeb32dc5bf114790b476576d470b7) Importer(815301076,1909f56bfc062723c751e8b465ee728b)  -> (artifact id: 'dc720c98e88268c9fd549b1199f89812') in 0.002357 seconds 
========================================================================
Received Import Request.
  Time since last request: 79.351557 seconds.
  path: Assets/Generator.cs
  artifactKey: Guid(e9cbeb32dc5bf114790b476576d470b7) Importer(815301076,1909f56bfc062723c751e8b465ee728b)
Start importing Assets/Generator.cs using Guid(e9cbeb32dc5bf114790b476576d470b7) Importer(815301076,1909f56bfc062723c751e8b465ee728b)  -> (artifact id: 'f9a15775126dfbcc72c6ae55883d9352') in 0.003747 seconds 
========================================================================
Received Import Request.
  Time since last request: 34.393304 seconds.
  path: Assets/Generator.cs
  artifactKey: Guid(e9cbeb32dc5bf114790b476576d470b7) Importer(815301076,1909f56bfc062723c751e8b465ee728b)
Start importing Assets/Generator.cs using Guid(e9cbeb32dc5bf114790b476576d470b7) Importer(815301076,1909f56bfc062723c751e8b465ee728b)  -> (artifact id: 'e335fd307d9d3990eeffc09553ab0a4e') in 0.002420 seconds 
========================================================================
Received Import Request.
  Time since last request: 15.147760 seconds.
  path: Assets/Generator.cs
  artifactKey: Guid(e9cbeb32dc5bf114790b476576d470b7) Importer(815301076,1909f56bfc062723c751e8b465ee728b)
Start importing Assets/Generator.cs using Guid(e9cbeb32dc5bf114790b476576d470b7) Importer(815301076,1909f56bfc062723c751e8b465ee728b)  -> (artifact id: 'bd62b3913fd67790f62440b79024d9d1') in 0.003622 seconds 
========================================================================
Received Import Request.
  Time since last request: 89.565728 seconds.
  path: Assets/Generator.cs
  artifactKey: Guid(e9cbeb32dc5bf114790b476576d470b7) Importer(815301076,1909f56bfc062723c751e8b465ee728b)
Start importing Assets/Generator.cs using Guid(e9cbeb32dc5bf114790b476576d470b7) Importer(815301076,1909f56bfc062723c751e8b465ee728b)  -> (artifact id: '100858045c6da06fc39061ec638a290a') in 0.002346 seconds 
========================================================================
Received Import Request.
  Time since last request: 2.471944 seconds.
  path: Assets/Generator.cs
  artifactKey: Guid(e9cbeb32dc5bf114790b476576d470b7) Importer(815301076,1909f56bfc062723c751e8b465ee728b)
Start importing Assets/Generator.cs using Guid(e9cbeb32dc5bf114790b476576d470b7) Importer(815301076,1909f56bfc062723c751e8b465ee728b)  -> (artifact id: 'd7659ff6c160a87ae14e5de66d607f6e') in 0.003492 seconds 
========================================================================
Received Import Request.
  Time since last request: 25.563284 seconds.
  path: Assets/Generator.cs
  artifactKey: Guid(e9cbeb32dc5bf114790b476576d470b7) Importer(815301076,1909f56bfc062723c751e8b465ee728b)
Start importing Assets/Generator.cs using Guid(e9cbeb32dc5bf114790b476576d470b7) Importer(815301076,1909f56bfc062723c751e8b465ee728b)  -> (artifact id: '2b3771e4f0871d6fe15a2cf3c2adc4cc') in 0.003410 seconds 
========================================================================
Received Import Request.
  Time since last request: 25.912956 seconds.
  path: Assets/Generator.cs
  artifactKey: Guid(e9cbeb32dc5bf114790b476576d470b7) Importer(815301076,1909f56bfc062723c751e8b465ee728b)
Start importing Assets/Generator.cs using Guid(e9cbeb32dc5bf114790b476576d470b7) Importer(815301076,1909f56bfc062723c751e8b465ee728b)  -> (artifact id: 'cd4a406b0283587fccad7cb9843f164f') in 0.003481 seconds 
========================================================================
Received Import Request.
  Time since last request: 10.141731 seconds.
  path: Assets/Generator.cs
  artifactKey: Guid(e9cbeb32dc5bf114790b476576d470b7) Importer(815301076,1909f56bfc062723c751e8b465ee728b)
Start importing Assets/Generator.cs using Guid(e9cbeb32dc5bf114790b476576d470b7) Importer(815301076,1909f56bfc062723c751e8b465ee728b)  -> (artifact id: '07f3e8c27280a612b5230bb82680a164') in 0.002317 seconds 
========================================================================
Received Import Request.
  Time since last request: 6.077549 seconds.
  path: Assets/Generator.cs
  artifactKey: Guid(e9cbeb32dc5bf114790b476576d470b7) Importer(815301076,1909f56bfc062723c751e8b465ee728b)
Start importing Assets/Generator.cs using Guid(e9cbeb32dc5bf114790b476576d470b7) Importer(815301076,1909f56bfc062723c751e8b465ee728b)  -> (artifact id: 'e31f25847719538281c8eacad2dec5c6') in 0.003533 seconds 
========================================================================
Received Import Request.
  Time since last request: 29.340186 seconds.
  path: Assets/Generator.cs
  artifactKey: Guid(e9cbeb32dc5bf114790b476576d470b7) Importer(815301076,1909f56bfc062723c751e8b465ee728b)
Start importing Assets/Generator.cs using Guid(e9cbeb32dc5bf114790b476576d470b7) Importer(815301076,1909f56bfc062723c751e8b465ee728b)  -> (artifact id: 'cd4ed6c3ee4c233ceb19daeb35dcf9a8') in 0.003832 seconds 
========================================================================
Received Import Request.
  Time since last request: 11.602131 seconds.
  path: Assets/Generator.cs
  artifactKey: Guid(e9cbeb32dc5bf114790b476576d470b7) Importer(815301076,1909f56bfc062723c751e8b465ee728b)
Start importing Assets/Generator.cs using Guid(e9cbeb32dc5bf114790b476576d470b7) Importer(815301076,1909f56bfc062723c751e8b465ee728b)  -> (artifact id: '035df108fcc7eb66e35b93a650a2e407') in 0.003672 seconds 
========================================================================
Received Import Request.
  Time since last request: 46.882851 seconds.
  path: Assets/Generator.cs
  artifactKey: Guid(e9cbeb32dc5bf114790b476576d470b7) Importer(815301076,1909f56bfc062723c751e8b465ee728b)
Start importing Assets/Generator.cs using Guid(e9cbeb32dc5bf114790b476576d470b7) Importer(815301076,1909f56bfc062723c751e8b465ee728b)  -> (artifact id: '9115394bb76e5783c67a1665a1511558') in 0.002953 seconds 
========================================================================
Received Prepare
Registering precompiled user dll's ...
Registered in 0.003383 seconds.
Begin MonoManager ReloadAssembly
Symbol file LoadedFromMemory doesn't match image D:\Unity Projects\NFT Generator\Library\PackageCache\com.unity.visualscripting@1.6.1\Editor\VisualScripting.Core\Dependencies\YamlDotNet\Unity.VisualScripting.YamlDotNet.dll
Symbol file LoadedFromMemory doesn't match image D:\Unity Projects\NFT Generator\Library\PackageCache\com.unity.visualscripting@1.6.1\Editor\VisualScripting.Core\Dependencies\DotNetZip\Unity.VisualScripting.IonicZip.dll
Native extension for WindowsStandalone target not found
Refreshing native plugins compatible for Editor in 0.62 ms, found 3 plugins.
Preloading 0 native plugins for Editor in 0.00 ms.
Mono: successfully reloaded assembly
- Completed reload, in  0.931 seconds
Domain Reload Profiling:
	ReloadAssembly (931ms)
		BeginReloadAssembly (114ms)
			ExecutionOrderSort (0ms)
			DisableScriptedObjects (5ms)
			BackupInstance (0ms)
			ReleaseScriptingObjects (0ms)
			CreateAndSetChildDomain (36ms)
		EndReloadAssembly (765ms)
			LoadAssemblies (81ms)
			RebuildTransferFunctionScriptingTraits (0ms)
			SetupTypeCache (308ms)
			ReleaseScriptCaches (1ms)
			RebuildScriptCaches (37ms)
			SetupLoadedEditorAssemblies (255ms)
				LogAssemblyErrors (0ms)
				InitializePlatformSupportModulesInManaged (4ms)
				SetLoadedEditorAssemblies (0ms)
				RefreshPlugins (1ms)
				BeforeProcessingInitializeOnLoad (49ms)
				ProcessInitializeOnLoadAttributes (194ms)
				ProcessInitializeOnLoadMethodAttributes (4ms)
				AfterProcessingInitializeOnLoad (2ms)
				EditorAssembliesLoaded (0ms)
			ExecutionOrderSort2 (0ms)
			AwakeInstancesAfterBackupRestoration (7ms)
Platform modules already initialized, skipping
Refreshing native plugins compatible for Editor in 0.57 ms, found 3 plugins.
Preloading 0 native plugins for Editor in 0.00 ms.
Unloading 2944 Unused Serialized files (Serialized files now loaded: 0)
System memory in use before: 105.7 MB.
System memory in use after: 105.9 MB.

Unloading 15 unused Assets to reduce memory usage. Loaded Objects now: 3401.
Total: 3.194200 ms (FindLiveObjects: 0.253100 ms CreateObjectMapping: 0.141000 ms MarkObjects: 2.778400 ms  DeleteObjects: 0.020900 ms)

AssetImportParameters requested are different than current active one (requested -> active):
  custom:framework-win-MediaFoundation: 216162199b28c13a410421893ffa2e32 -> 
  custom:video-decoder-ogg-theora: a1e56fd34408186e4bbccfd4996cb3dc -> 
  custom:container-muxer-webm: aa71ff27fc2769a1b78a27578f13a17b -> 
  custom:container-demuxer-webm: 4f35f7cbe854078d1ac9338744f61a02 -> 
  custom:container-demuxer-ogg: 62fdf1f143b41e24485cea50d1cbac27 -> 
  custom:video-encoder-webm-vp8: eb34c28f22e8b96e1ab97ce403110664 -> 
  custom:video-decoder-webm-vp8: 9c59270c3fd7afecdb556c50c9e8de78 -> 
  custom:audio-decoder-ogg-vorbis: bf7c407c2cedff20999df2af8eb42d56 -> 
  custom:audio-encoder-webm-vorbis: bf7c407c2cedff20999df2af8eb42d56 -> 
AssetImportWorkerClient::OnTransportError - code=2 error=End of file
